[10-Dec-2015 20:58:53 UTC] PHP Fatal error:  Class 'HTML' not found in /home/ubuntu/workspace/laravel/storage/framework/views/fa69ea4f2b054d7f782db11ea39d7500 on line 16
[10-Dec-2015 20:58:53 UTC] PHP Stack trace:
[10-Dec-2015 20:58:53 UTC] PHP   1. {main}() /home/ubuntu/workspace/laravel/public/index.php:0
[10-Dec-2015 20:58:53 UTC] PHP   2. Illuminate\Foundation\Http\Kernel->handle() /home/ubuntu/workspace/laravel/public/index.php:54
[10-Dec-2015 20:58:53 UTC] PHP   3. Illuminate\Foundation\Http\Kernel->sendRequestThroughRouter() /home/ubuntu/workspace/laravel/vendor/laravel/framework/src/Illuminate/Foundation/Http/Kernel.php:87
[10-Dec-2015 20:58:53 UTC] PHP   4. Illuminate\Pipeline\Pipeline->then() /home/ubuntu/workspace/laravel/vendor/laravel/framework/src/Illuminate/Foundation/Http/Kernel.php:122
[10-Dec-2015 20:58:53 UTC] PHP   5. call_user_func:{/home/ubuntu/workspace/laravel/vendor/laravel/framework/src/Illuminate/Pipeline/Pipeline.php:103}() /home/ubuntu/workspace/laravel/vendor/laravel/framework/src/Illuminate/Pipeline/Pipeline.php:103
[10-Dec-2015 20:58:53 UTC] PHP   6. Illuminate\Pipeline\Pipeline->Illuminate\Pipeline\{closure}() /home/ubuntu/workspace/laravel/vendor/laravel/framework/src/Illuminate/Pipeline/Pipeline.php:103
[10-Dec-2015 20:58:53 UTC] PHP   7. call_user_func_array:{/home/ubuntu/workspace/laravel/vendor/laravel/framework/src/Illuminate/Pipeline/Pipeline.php:124}() /home/ubuntu/workspace/laravel/vendor/laravel/framework/src/Illuminate/Pipeline/Pipeline.php:124
[10-Dec-2015 20:58:53 UTC] PHP   8. Illuminate\Foundation\Http\Middleware\CheckForMaintenanceMode->handle() /home/ubuntu/workspace/laravel/vendor/laravel/framework/src/Illuminate/Pipeline/Pipeline.php:124
[10-Dec-2015 20:58:53 UTC] PHP   9. Illuminate\Pipeline\Pipeline->Illuminate\Pipeline\{closure}() /home/ubuntu/workspace/laravel/vendor/laravel/framework/src/Illuminate/Foundation/Http/Middleware/CheckForMaintenanceMode.php:44
[10-Dec-2015 20:58:53 UTC] PHP  10. call_user_func_array:{/home/ubuntu/workspace/laravel/vendor/laravel/framework/src/Illuminate/Pipeline/Pipeline.php:124}() /home/ubuntu/workspace/laravel/vendor/laravel/framework/src/Illuminate/Pipeline/Pipeline.php:124
[10-Dec-2015 20:58:53 UTC] PHP  11. Illuminate\Cookie\Middleware\EncryptCookies->handle() /home/ubuntu/workspace/laravel/vendor/laravel/framework/src/Illuminate/Pipeline/Pipeline.php:124
[10-Dec-2015 20:58:53 UTC] PHP  12. Illuminate\Pipeline\Pipeline->Illuminate\Pipeline\{closure}() /home/ubuntu/workspace/laravel/vendor/laravel/framework/src/Illuminate/Cookie/Middleware/EncryptCookies.php:59
[10-Dec-2015 20:58:53 UTC] PHP  13. call_user_func_array:{/home/ubuntu/workspace/laravel/vendor/laravel/framework/src/Illuminate/Pipeline/Pipeline.php:124}() /home/ubuntu/workspace/laravel/vendor/laravel/framework/src/Illuminate/Pipeline/Pipeline.php:124
[10-Dec-2015 20:58:53 UTC] PHP  14. Illuminate\Cookie\Middleware\AddQueuedCookiesToResponse->handle() /home/ubuntu/workspace/laravel/vendor/laravel/framework/src/Illuminate/Pipeline/Pipeline.php:124
[10-Dec-2015 20:58:53 UTC] PHP  15. Illuminate\Pipeline\Pipeline->Illuminate\Pipeline\{closure}() /home/ubuntu/workspace/laravel/vendor/laravel/framework/src/Illuminate/Cookie/Middleware/AddQueuedCookiesToResponse.php:37
[10-Dec-2015 20:58:53 UTC] PHP  16. call_user_func_array:{/home/ubuntu/workspace/laravel/vendor/laravel/framework/src/Illuminate/Pipeline/Pipeline.php:124}() /home/ubuntu/workspace/laravel/vendor/laravel/framework/src/Illuminate/Pipeline/Pipeline.php:124
[10-Dec-2015 20:58:53 UTC] PHP  17. Illuminate\Session\Middleware\StartSession->handle() /home/ubuntu/workspace/laravel/vendor/laravel/framework/src/Illuminate/Pipeline/Pipeline.php:124
[10-Dec-2015 20:58:53 UTC] PHP  18. Illuminate\Pipeline\Pipeline->Illuminate\Pipeline\{closure}() /home/ubuntu/workspace/laravel/vendor/laravel/framework/src/Illuminate/Session/Middleware/StartSession.php:62
[10-Dec-2015 20:58:53 UTC] PHP  19. call_user_func_array:{/home/ubuntu/workspace/laravel/vendor/laravel/framework/src/Illuminate/Pipeline/Pipeline.php:124}() /home/ubuntu/workspace/laravel/vendor/laravel/framework/src/Illuminate/Pipeline/Pipeline.php:124
[10-Dec-2015 20:58:53 UTC] PHP  20. Illuminate\View\Middleware\ShareErrorsFromSession->handle() /home/ubuntu/workspace/laravel/vendor/laravel/framework/src/Illuminate/Pipeline/Pipeline.php:124
[10-Dec-2015 20:58:53 UTC] PHP  21. Illuminate\Pipeline\Pipeline->Illuminate\Pipeline\{closure}() /home/ubuntu/workspace/laravel/vendor/laravel/framework/src/Illuminate/View/Middleware/ShareErrorsFromSession.php:49
[10-Dec-2015 20:58:53 UTC] PHP  22. call_user_func_array:{/home/ubuntu/workspace/laravel/vendor/laravel/framework/src/Illuminate/Pipeline/Pipeline.php:124}() /home/ubuntu/workspace/laravel/vendor/laravel/framework/src/Illuminate/Pipeline/Pipeline.php:124
[10-Dec-2015 20:58:53 UTC] PHP  23. Illuminate\Foundation\Http\Middleware\VerifyCsrfToken->handle() /home/ubuntu/workspace/laravel/vendor/laravel/framework/src/Illuminate/Pipeline/Pipeline.php:124
[10-Dec-2015 20:58:53 UTC] PHP  24. Illuminate\Pipeline\Pipeline->Illuminate\Pipeline\{closure}() /home/ubuntu/workspace/laravel/vendor/laravel/framework/src/Illuminate/Foundation/Http/Middleware/VerifyCsrfToken.php:50
[10-Dec-2015 20:58:53 UTC] PHP  25. call_user_func:{/home/ubuntu/workspace/laravel/vendor/laravel/framework/src/Illuminate/Pipeline/Pipeline.php:139}() /home/ubuntu/workspace/laravel/vendor/laravel/framework/src/Illuminate/Pipeline/Pipeline.php:139
[10-Dec-2015 20:58:53 UTC] PHP  26. Illuminate\Foundation\Http\Kernel->Illuminate\Foundation\Http\{closure}() /home/ubuntu/workspace/laravel/vendor/laravel/framework/src/Illuminate/Pipeline/Pipeline.php:139
[10-Dec-2015 20:58:53 UTC] PHP  27. Illuminate\Routing\Router->dispatch() /home/ubuntu/workspace/laravel/vendor/laravel/framework/src/Illuminate/Foundation/Http/Kernel.php:236
[10-Dec-2015 20:58:53 UTC] PHP  28. Illuminate\Routing\Router->dispatchToRoute() /home/ubuntu/workspace/laravel/vendor/laravel/framework/src/Illuminate/Routing/Router.php:635
[10-Dec-2015 20:58:53 UTC] PHP  29. Illuminate\Routing\Router->runRouteWithinStack() /home/ubuntu/workspace/laravel/vendor/laravel/framework/src/Illuminate/Routing/Router.php:675
[10-Dec-2015 20:58:53 UTC] PHP  30. Illuminate\Pipeline\Pipeline->then() /home/ubuntu/workspace/laravel/vendor/laravel/framework/src/Illuminate/Routing/Router.php:710
[10-Dec-2015 20:58:53 UTC] PHP  31. call_user_func:{/home/ubuntu/workspace/laravel/vendor/laravel/framework/src/Illuminate/Pipeline/Pipeline.php:103}() /home/ubuntu/workspace/laravel/vendor/laravel/framework/src/Illuminate/Pipeline/Pipeline.php:103
[10-Dec-2015 20:58:53 UTC] PHP  32. Illuminate\Pipeline\Pipeline->Illuminate\Pipeline\{closure}() /home/ubuntu/workspace/laravel/vendor/laravel/framework/src/Illuminate/Pipeline/Pipeline.php:103
[10-Dec-2015 20:58:53 UTC] PHP  33. call_user_func:{/home/ubuntu/workspace/laravel/vendor/laravel/framework/src/Illuminate/Pipeline/Pipeline.php:139}() /home/ubuntu/workspace/laravel/vendor/laravel/framework/src/Illuminate/Pipeline/Pipeline.php:139
[10-Dec-2015 20:58:53 UTC] PHP  34. Illuminate\Routing\Router->Illuminate\Routing\{closure}() /home/ubuntu/workspace/laravel/vendor/laravel/framework/src/Illuminate/Pipeline/Pipeline.php:139
[10-Dec-2015 20:58:53 UTC] PHP  35. Illuminate\Routing\Route->run() /home/ubuntu/workspace/laravel/vendor/laravel/framework/src/Illuminate/Routing/Router.php:708
[10-Dec-2015 20:58:53 UTC] PHP  36. Illuminate\Routing\Route->runWithCustomDispatcher() /home/ubuntu/workspace/laravel/vendor/laravel/framework/src/Illuminate/Routing/Route.php:134
[10-Dec-2015 20:58:53 UTC] PHP  37. Illuminate\Routing\ControllerDispatcher->dispatch() /home/ubuntu/workspace/laravel/vendor/laravel/framework/src/Illuminate/Routing/Route.php:203
[10-Dec-2015 20:58:53 UTC] PHP  38. Illuminate\Routing\ControllerDispatcher->callWithinStack() /home/ubuntu/workspace/laravel/vendor/laravel/framework/src/Illuminate/Routing/ControllerDispatcher.php:69
[10-Dec-2015 20:58:53 UTC] PHP  39. Illuminate\Pipeline\Pipeline->then() /home/ubuntu/workspace/laravel/vendor/laravel/framework/src/Illuminate/Routing/ControllerDispatcher.php:114
[10-Dec-2015 20:58:53 UTC] PHP  40. call_user_func:{/home/ubuntu/workspace/laravel/vendor/laravel/framework/src/Illuminate/Pipeline/Pipeline.php:103}() /home/ubuntu/workspace/laravel/vendor/laravel/framework/src/Illuminate/Pipeline/Pipeline.php:103
[10-Dec-2015 20:58:53 UTC] PHP  41. Illuminate\Pipeline\Pipeline->Illuminate\Pipeline\{closure}() /home/ubuntu/workspace/laravel/vendor/laravel/framework/src/Illuminate/Pipeline/Pipeline.php:103
[10-Dec-2015 20:58:53 UTC] PHP  42. call_user_func:{/home/ubuntu/workspace/laravel/vendor/laravel/framework/src/Illuminate/Pipeline/Pipeline.php:139}() /home/ubuntu/workspace/laravel/vendor/laravel/framework/src/Illuminate/Pipeline/Pipeline.php:139
[10-Dec-2015 20:58:53 UTC] PHP  43. Illuminate\Routing\ControllerDispatcher->Illuminate\Routing\{closure}() /home/ubuntu/workspace/laravel/vendor/laravel/framework/src/Illuminate/Pipeline/Pipeline.php:139
[10-Dec-2015 20:58:53 UTC] PHP  44. Illuminate\Routing\Router->prepareResponse() /home/ubuntu/workspace/laravel/vendor/laravel/framework/src/Illuminate/Routing/ControllerDispatcher.php:113
[10-Dec-2015 20:58:53 UTC] PHP  45. Symfony\Component\HttpFoundation\Response->__construct() /home/ubuntu/workspace/laravel/vendor/laravel/framework/src/Illuminate/Routing/Router.php:1229
[10-Dec-2015 20:58:53 UTC] PHP  46. Illuminate\Http\Response->setContent() /home/ubuntu/workspace/laravel/vendor/symfony/http-foundation/Response.php:198
[10-Dec-2015 20:58:53 UTC] PHP  47. Illuminate\View\View->render() /home/ubuntu/workspace/laravel/vendor/laravel/framework/src/Illuminate/Http/Response.php:51
[10-Dec-2015 20:58:53 UTC] PHP  48. Illuminate\View\View->renderContents() /home/ubuntu/workspace/laravel/vendor/laravel/framework/src/Illuminate/View/View.php:80
[10-Dec-2015 20:58:53 UTC] PHP  49. Illuminate\View\View->getContents() /home/ubuntu/workspace/laravel/vendor/laravel/framework/src/Illuminate/View/View.php:106
[10-Dec-2015 20:58:53 UTC] PHP  50. Illuminate\View\Engines\CompilerEngine->get() /home/ubuntu/workspace/laravel/vendor/laravel/framework/src/Illuminate/View/View.php:135
[10-Dec-2015 20:58:53 UTC] PHP  51. Illuminate\View\Engines\PhpEngine->evaluatePath() /home/ubuntu/workspace/laravel/vendor/laravel/framework/src/Illuminate/View/Engines/CompilerEngine.php:58
[10-Dec-2015 20:58:53 UTC] PHP  52. include() /home/ubuntu/workspace/laravel/vendor/laravel/framework/src/Illuminate/View/Engines/PhpEngine.php:42
[10-Dec-2015 21:04:56 UTC] PHP Fatal error:  Class 'HTML' not found in /home/ubuntu/workspace/laravel/storage/framework/views/fa69ea4f2b054d7f782db11ea39d7500 on line 16
[10-Dec-2015 21:04:56 UTC] PHP Stack trace:
[10-Dec-2015 21:04:56 UTC] PHP   1. {main}() /home/ubuntu/workspace/laravel/public/index.php:0
[10-Dec-2015 21:04:56 UTC] PHP   2. Illuminate\Foundation\Http\Kernel->handle() /home/ubuntu/workspace/laravel/public/index.php:54
[10-Dec-2015 21:04:56 UTC] PHP   3. Illuminate\Foundation\Http\Kernel->sendRequestThroughRouter() /home/ubuntu/workspace/laravel/vendor/laravel/framework/src/Illuminate/Foundation/Http/Kernel.php:87
[10-Dec-2015 21:04:56 UTC] PHP   4. Illuminate\Pipeline\Pipeline->then() /home/ubuntu/workspace/laravel/vendor/laravel/framework/src/Illuminate/Foundation/Http/Kernel.php:122
[10-Dec-2015 21:04:56 UTC] PHP   5. call_user_func:{/home/ubuntu/workspace/laravel/vendor/laravel/framework/src/Illuminate/Pipeline/Pipeline.php:103}() /home/ubuntu/workspace/laravel/vendor/laravel/framework/src/Illuminate/Pipeline/Pipeline.php:103
[10-Dec-2015 21:04:56 UTC] PHP   6. Illuminate\Pipeline\Pipeline->Illuminate\Pipeline\{closure}() /home/ubuntu/workspace/laravel/vendor/laravel/framework/src/Illuminate/Pipeline/Pipeline.php:103
[10-Dec-2015 21:04:56 UTC] PHP   7. call_user_func_array:{/home/ubuntu/workspace/laravel/vendor/laravel/framework/src/Illuminate/Pipeline/Pipeline.php:124}() /home/ubuntu/workspace/laravel/vendor/laravel/framework/src/Illuminate/Pipeline/Pipeline.php:124
[10-Dec-2015 21:04:56 UTC] PHP   8. Illuminate\Foundation\Http\Middleware\CheckForMaintenanceMode->handle() /home/ubuntu/workspace/laravel/vendor/laravel/framework/src/Illuminate/Pipeline/Pipeline.php:124
[10-Dec-2015 21:04:56 UTC] PHP   9. Illuminate\Pipeline\Pipeline->Illuminate\Pipeline\{closure}() /home/ubuntu/workspace/laravel/vendor/laravel/framework/src/Illuminate/Foundation/Http/Middleware/CheckForMaintenanceMode.php:44
[10-Dec-2015 21:04:56 UTC] PHP  10. call_user_func_array:{/home/ubuntu/workspace/laravel/vendor/laravel/framework/src/Illuminate/Pipeline/Pipeline.php:124}() /home/ubuntu/workspace/laravel/vendor/laravel/framework/src/Illuminate/Pipeline/Pipeline.php:124
[10-Dec-2015 21:04:56 UTC] PHP  11. Illuminate\Cookie\Middleware\EncryptCookies->handle() /home/ubuntu/workspace/laravel/vendor/laravel/framework/src/Illuminate/Pipeline/Pipeline.php:124
[10-Dec-2015 21:04:56 UTC] PHP  12. Illuminate\Pipeline\Pipeline->Illuminate\Pipeline\{closure}() /home/ubuntu/workspace/laravel/vendor/laravel/framework/src/Illuminate/Cookie/Middleware/EncryptCookies.php:59
[10-Dec-2015 21:04:56 UTC] PHP  13. call_user_func_array:{/home/ubuntu/workspace/laravel/vendor/laravel/framework/src/Illuminate/Pipeline/Pipeline.php:124}() /home/ubuntu/workspace/laravel/vendor/laravel/framework/src/Illuminate/Pipeline/Pipeline.php:124
[10-Dec-2015 21:04:56 UTC] PHP  14. Illuminate\Cookie\Middleware\AddQueuedCookiesToResponse->handle() /home/ubuntu/workspace/laravel/vendor/laravel/framework/src/Illuminate/Pipeline/Pipeline.php:124
[10-Dec-2015 21:04:56 UTC] PHP  15. Illuminate\Pipeline\Pipeline->Illuminate\Pipeline\{closure}() /home/ubuntu/workspace/laravel/vendor/laravel/framework/src/Illuminate/Cookie/Middleware/AddQueuedCookiesToResponse.php:37
[10-Dec-2015 21:04:56 UTC] PHP  16. call_user_func_array:{/home/ubuntu/workspace/laravel/vendor/laravel/framework/src/Illuminate/Pipeline/Pipeline.php:124}() /home/ubuntu/workspace/laravel/vendor/laravel/framework/src/Illuminate/Pipeline/Pipeline.php:124
[10-Dec-2015 21:04:56 UTC] PHP  17. Illuminate\Session\Middleware\StartSession->handle() /home/ubuntu/workspace/laravel/vendor/laravel/framework/src/Illuminate/Pipeline/Pipeline.php:124
[10-Dec-2015 21:04:56 UTC] PHP  18. Illuminate\Pipeline\Pipeline->Illuminate\Pipeline\{closure}() /home/ubuntu/workspace/laravel/vendor/laravel/framework/src/Illuminate/Session/Middleware/StartSession.php:62
[10-Dec-2015 21:04:56 UTC] PHP  19. call_user_func_array:{/home/ubuntu/workspace/laravel/vendor/laravel/framework/src/Illuminate/Pipeline/Pipeline.php:124}() /home/ubuntu/workspace/laravel/vendor/laravel/framework/src/Illuminate/Pipeline/Pipeline.php:124
[10-Dec-2015 21:04:56 UTC] PHP  20. Illuminate\View\Middleware\ShareErrorsFromSession->handle() /home/ubuntu/workspace/laravel/vendor/laravel/framework/src/Illuminate/Pipeline/Pipeline.php:124
[10-Dec-2015 21:04:56 UTC] PHP  21. Illuminate\Pipeline\Pipeline->Illuminate\Pipeline\{closure}() /home/ubuntu/workspace/laravel/vendor/laravel/framework/src/Illuminate/View/Middleware/ShareErrorsFromSession.php:49
[10-Dec-2015 21:04:56 UTC] PHP  22. call_user_func_array:{/home/ubuntu/workspace/laravel/vendor/laravel/framework/src/Illuminate/Pipeline/Pipeline.php:124}() /home/ubuntu/workspace/laravel/vendor/laravel/framework/src/Illuminate/Pipeline/Pipeline.php:124
[10-Dec-2015 21:04:56 UTC] PHP  23. Illuminate\Foundation\Http\Middleware\VerifyCsrfToken->handle() /home/ubuntu/workspace/laravel/vendor/laravel/framework/src/Illuminate/Pipeline/Pipeline.php:124
[10-Dec-2015 21:04:56 UTC] PHP  24. Illuminate\Pipeline\Pipeline->Illuminate\Pipeline\{closure}() /home/ubuntu/workspace/laravel/vendor/laravel/framework/src/Illuminate/Foundation/Http/Middleware/VerifyCsrfToken.php:50
[10-Dec-2015 21:04:56 UTC] PHP  25. call_user_func:{/home/ubuntu/workspace/laravel/vendor/laravel/framework/src/Illuminate/Pipeline/Pipeline.php:139}() /home/ubuntu/workspace/laravel/vendor/laravel/framework/src/Illuminate/Pipeline/Pipeline.php:139
[10-Dec-2015 21:04:56 UTC] PHP  26. Illuminate\Foundation\Http\Kernel->Illuminate\Foundation\Http\{closure}() /home/ubuntu/workspace/laravel/vendor/laravel/framework/src/Illuminate/Pipeline/Pipeline.php:139
[10-Dec-2015 21:04:56 UTC] PHP  27. Illuminate\Routing\Router->dispatch() /home/ubuntu/workspace/laravel/vendor/laravel/framework/src/Illuminate/Foundation/Http/Kernel.php:236
[10-Dec-2015 21:04:56 UTC] PHP  28. Illuminate\Routing\Router->dispatchToRoute() /home/ubuntu/workspace/laravel/vendor/laravel/framework/src/Illuminate/Routing/Router.php:635
[10-Dec-2015 21:04:56 UTC] PHP  29. Illuminate\Routing\Router->runRouteWithinStack() /home/ubuntu/workspace/laravel/vendor/laravel/framework/src/Illuminate/Routing/Router.php:675
[10-Dec-2015 21:04:56 UTC] PHP  30. Illuminate\Pipeline\Pipeline->then() /home/ubuntu/workspace/laravel/vendor/laravel/framework/src/Illuminate/Routing/Router.php:710
[10-Dec-2015 21:04:56 UTC] PHP  31. call_user_func:{/home/ubuntu/workspace/laravel/vendor/laravel/framework/src/Illuminate/Pipeline/Pipeline.php:103}() /home/ubuntu/workspace/laravel/vendor/laravel/framework/src/Illuminate/Pipeline/Pipeline.php:103
[10-Dec-2015 21:04:56 UTC] PHP  32. Illuminate\Pipeline\Pipeline->Illuminate\Pipeline\{closure}() /home/ubuntu/workspace/laravel/vendor/laravel/framework/src/Illuminate/Pipeline/Pipeline.php:103
[10-Dec-2015 21:04:56 UTC] PHP  33. call_user_func:{/home/ubuntu/workspace/laravel/vendor/laravel/framework/src/Illuminate/Pipeline/Pipeline.php:139}() /home/ubuntu/workspace/laravel/vendor/laravel/framework/src/Illuminate/Pipeline/Pipeline.php:139
[10-Dec-2015 21:04:56 UTC] PHP  34. Illuminate\Routing\Router->Illuminate\Routing\{closure}() /home/ubuntu/workspace/laravel/vendor/laravel/framework/src/Illuminate/Pipeline/Pipeline.php:139
[10-Dec-2015 21:04:56 UTC] PHP  35. Illuminate\Routing\Route->run() /home/ubuntu/workspace/laravel/vendor/laravel/framework/src/Illuminate/Routing/Router.php:708
[10-Dec-2015 21:04:56 UTC] PHP  36. Illuminate\Routing\Route->runWithCustomDispatcher() /home/ubuntu/workspace/laravel/vendor/laravel/framework/src/Illuminate/Routing/Route.php:134
[10-Dec-2015 21:04:56 UTC] PHP  37. Illuminate\Routing\ControllerDispatcher->dispatch() /home/ubuntu/workspace/laravel/vendor/laravel/framework/src/Illuminate/Routing/Route.php:203
[10-Dec-2015 21:04:56 UTC] PHP  38. Illuminate\Routing\ControllerDispatcher->callWithinStack() /home/ubuntu/workspace/laravel/vendor/laravel/framework/src/Illuminate/Routing/ControllerDispatcher.php:69
[10-Dec-2015 21:04:56 UTC] PHP  39. Illuminate\Pipeline\Pipeline->then() /home/ubuntu/workspace/laravel/vendor/laravel/framework/src/Illuminate/Routing/ControllerDispatcher.php:114
[10-Dec-2015 21:04:56 UTC] PHP  40. call_user_func:{/home/ubuntu/workspace/laravel/vendor/laravel/framework/src/Illuminate/Pipeline/Pipeline.php:103}() /home/ubuntu/workspace/laravel/vendor/laravel/framework/src/Illuminate/Pipeline/Pipeline.php:103
[10-Dec-2015 21:04:56 UTC] PHP  41. Illuminate\Pipeline\Pipeline->Illuminate\Pipeline\{closure}() /home/ubuntu/workspace/laravel/vendor/laravel/framework/src/Illuminate/Pipeline/Pipeline.php:103
[10-Dec-2015 21:04:56 UTC] PHP  42. call_user_func:{/home/ubuntu/workspace/laravel/vendor/laravel/framework/src/Illuminate/Pipeline/Pipeline.php:139}() /home/ubuntu/workspace/laravel/vendor/laravel/framework/src/Illuminate/Pipeline/Pipeline.php:139
[10-Dec-2015 21:04:56 UTC] PHP  43. Illuminate\Routing\ControllerDispatcher->Illuminate\Routing\{closure}() /home/ubuntu/workspace/laravel/vendor/laravel/framework/src/Illuminate/Pipeline/Pipeline.php:139
[10-Dec-2015 21:04:56 UTC] PHP  44. Illuminate\Routing\Router->prepareResponse() /home/ubuntu/workspace/laravel/vendor/laravel/framework/src/Illuminate/Routing/ControllerDispatcher.php:113
[10-Dec-2015 21:04:56 UTC] PHP  45. Symfony\Component\HttpFoundation\Response->__construct() /home/ubuntu/workspace/laravel/vendor/laravel/framework/src/Illuminate/Routing/Router.php:1229
[10-Dec-2015 21:04:56 UTC] PHP  46. Illuminate\Http\Response->setContent() /home/ubuntu/workspace/laravel/vendor/symfony/http-foundation/Response.php:198
[10-Dec-2015 21:04:56 UTC] PHP  47. Illuminate\View\View->render() /home/ubuntu/workspace/laravel/vendor/laravel/framework/src/Illuminate/Http/Response.php:51
[10-Dec-2015 21:04:56 UTC] PHP  48. Illuminate\View\View->renderContents() /home/ubuntu/workspace/laravel/vendor/laravel/framework/src/Illuminate/View/View.php:80
[10-Dec-2015 21:04:56 UTC] PHP  49. Illuminate\View\View->getContents() /home/ubuntu/workspace/laravel/vendor/laravel/framework/src/Illuminate/View/View.php:106
[10-Dec-2015 21:04:56 UTC] PHP  50. Illuminate\View\Engines\CompilerEngine->get() /home/ubuntu/workspace/laravel/vendor/laravel/framework/src/Illuminate/View/View.php:135
[10-Dec-2015 21:04:56 UTC] PHP  51. Illuminate\View\Engines\PhpEngine->evaluatePath() /home/ubuntu/workspace/laravel/vendor/laravel/framework/src/Illuminate/View/Engines/CompilerEngine.php:58
[10-Dec-2015 21:04:56 UTC] PHP  52. include() /home/ubuntu/workspace/laravel/vendor/laravel/framework/src/Illuminate/View/Engines/PhpEngine.php:42
[10-Dec-2015 21:05:04 UTC] PHP Fatal error:  Class 'HTML' not found in /home/ubuntu/workspace/laravel/storage/framework/views/fa69ea4f2b054d7f782db11ea39d7500 on line 16
[10-Dec-2015 21:05:04 UTC] PHP Stack trace:
[10-Dec-2015 21:05:04 UTC] PHP   1. {main}() /home/ubuntu/workspace/laravel/public/index.php:0
[10-Dec-2015 21:05:04 UTC] PHP   2. Illuminate\Foundation\Http\Kernel->handle() /home/ubuntu/workspace/laravel/public/index.php:54
[10-Dec-2015 21:05:04 UTC] PHP   3. Illuminate\Foundation\Http\Kernel->sendRequestThroughRouter() /home/ubuntu/workspace/laravel/vendor/laravel/framework/src/Illuminate/Foundation/Http/Kernel.php:87
[10-Dec-2015 21:05:04 UTC] PHP   4. Illuminate\Pipeline\Pipeline->then() /home/ubuntu/workspace/laravel/vendor/laravel/framework/src/Illuminate/Foundation/Http/Kernel.php:122
[10-Dec-2015 21:05:04 UTC] PHP   5. call_user_func:{/home/ubuntu/workspace/laravel/vendor/laravel/framework/src/Illuminate/Pipeline/Pipeline.php:103}() /home/ubuntu/workspace/laravel/vendor/laravel/framework/src/Illuminate/Pipeline/Pipeline.php:103
[10-Dec-2015 21:05:04 UTC] PHP   6. Illuminate\Pipeline\Pipeline->Illuminate\Pipeline\{closure}() /home/ubuntu/workspace/laravel/vendor/laravel/framework/src/Illuminate/Pipeline/Pipeline.php:103
[10-Dec-2015 21:05:04 UTC] PHP   7. call_user_func_array:{/home/ubuntu/workspace/laravel/vendor/laravel/framework/src/Illuminate/Pipeline/Pipeline.php:124}() /home/ubuntu/workspace/laravel/vendor/laravel/framework/src/Illuminate/Pipeline/Pipeline.php:124
[10-Dec-2015 21:05:04 UTC] PHP   8. Illuminate\Foundation\Http\Middleware\CheckForMaintenanceMode->handle() /home/ubuntu/workspace/laravel/vendor/laravel/framework/src/Illuminate/Pipeline/Pipeline.php:124
[10-Dec-2015 21:05:04 UTC] PHP   9. Illuminate\Pipeline\Pipeline->Illuminate\Pipeline\{closure}() /home/ubuntu/workspace/laravel/vendor/laravel/framework/src/Illuminate/Foundation/Http/Middleware/CheckForMaintenanceMode.php:44
[10-Dec-2015 21:05:04 UTC] PHP  10. call_user_func_array:{/home/ubuntu/workspace/laravel/vendor/laravel/framework/src/Illuminate/Pipeline/Pipeline.php:124}() /home/ubuntu/workspace/laravel/vendor/laravel/framework/src/Illuminate/Pipeline/Pipeline.php:124
[10-Dec-2015 21:05:04 UTC] PHP  11. Illuminate\Cookie\Middleware\EncryptCookies->handle() /home/ubuntu/workspace/laravel/vendor/laravel/framework/src/Illuminate/Pipeline/Pipeline.php:124
[10-Dec-2015 21:05:04 UTC] PHP  12. Illuminate\Pipeline\Pipeline->Illuminate\Pipeline\{closure}() /home/ubuntu/workspace/laravel/vendor/laravel/framework/src/Illuminate/Cookie/Middleware/EncryptCookies.php:59
[10-Dec-2015 21:05:04 UTC] PHP  13. call_user_func_array:{/home/ubuntu/workspace/laravel/vendor/laravel/framework/src/Illuminate/Pipeline/Pipeline.php:124}() /home/ubuntu/workspace/laravel/vendor/laravel/framework/src/Illuminate/Pipeline/Pipeline.php:124
[10-Dec-2015 21:05:04 UTC] PHP  14. Illuminate\Cookie\Middleware\AddQueuedCookiesToResponse->handle() /home/ubuntu/workspace/laravel/vendor/laravel/framework/src/Illuminate/Pipeline/Pipeline.php:124
[10-Dec-2015 21:05:04 UTC] PHP  15. Illuminate\Pipeline\Pipeline->Illuminate\Pipeline\{closure}() /home/ubuntu/workspace/laravel/vendor/laravel/framework/src/Illuminate/Cookie/Middleware/AddQueuedCookiesToResponse.php:37
[10-Dec-2015 21:05:04 UTC] PHP  16. call_user_func_array:{/home/ubuntu/workspace/laravel/vendor/laravel/framework/src/Illuminate/Pipeline/Pipeline.php:124}() /home/ubuntu/workspace/laravel/vendor/laravel/framework/src/Illuminate/Pipeline/Pipeline.php:124
[10-Dec-2015 21:05:04 UTC] PHP  17. Illuminate\Session\Middleware\StartSession->handle() /home/ubuntu/workspace/laravel/vendor/laravel/framework/src/Illuminate/Pipeline/Pipeline.php:124
[10-Dec-2015 21:05:04 UTC] PHP  18. Illuminate\Pipeline\Pipeline->Illuminate\Pipeline\{closure}() /home/ubuntu/workspace/laravel/vendor/laravel/framework/src/Illuminate/Session/Middleware/StartSession.php:62
[10-Dec-2015 21:05:04 UTC] PHP  19. call_user_func_array:{/home/ubuntu/workspace/laravel/vendor/laravel/framework/src/Illuminate/Pipeline/Pipeline.php:124}() /home/ubuntu/workspace/laravel/vendor/laravel/framework/src/Illuminate/Pipeline/Pipeline.php:124
[10-Dec-2015 21:05:04 UTC] PHP  20. Illuminate\View\Middleware\ShareErrorsFromSession->handle() /home/ubuntu/workspace/laravel/vendor/laravel/framework/src/Illuminate/Pipeline/Pipeline.php:124
[10-Dec-2015 21:05:04 UTC] PHP  21. Illuminate\Pipeline\Pipeline->Illuminate\Pipeline\{closure}() /home/ubuntu/workspace/laravel/vendor/laravel/framework/src/Illuminate/View/Middleware/ShareErrorsFromSession.php:49
[10-Dec-2015 21:05:04 UTC] PHP  22. call_user_func_array:{/home/ubuntu/workspace/laravel/vendor/laravel/framework/src/Illuminate/Pipeline/Pipeline.php:124}() /home/ubuntu/workspace/laravel/vendor/laravel/framework/src/Illuminate/Pipeline/Pipeline.php:124
[10-Dec-2015 21:05:04 UTC] PHP  23. Illuminate\Foundation\Http\Middleware\VerifyCsrfToken->handle() /home/ubuntu/workspace/laravel/vendor/laravel/framework/src/Illuminate/Pipeline/Pipeline.php:124
[10-Dec-2015 21:05:04 UTC] PHP  24. Illuminate\Pipeline\Pipeline->Illuminate\Pipeline\{closure}() /home/ubuntu/workspace/laravel/vendor/laravel/framework/src/Illuminate/Foundation/Http/Middleware/VerifyCsrfToken.php:50
[10-Dec-2015 21:05:04 UTC] PHP  25. call_user_func:{/home/ubuntu/workspace/laravel/vendor/laravel/framework/src/Illuminate/Pipeline/Pipeline.php:139}() /home/ubuntu/workspace/laravel/vendor/laravel/framework/src/Illuminate/Pipeline/Pipeline.php:139
[10-Dec-2015 21:05:04 UTC] PHP  26. Illuminate\Foundation\Http\Kernel->Illuminate\Foundation\Http\{closure}() /home/ubuntu/workspace/laravel/vendor/laravel/framework/src/Illuminate/Pipeline/Pipeline.php:139
[10-Dec-2015 21:05:04 UTC] PHP  27. Illuminate\Routing\Router->dispatch() /home/ubuntu/workspace/laravel/vendor/laravel/framework/src/Illuminate/Foundation/Http/Kernel.php:236
[10-Dec-2015 21:05:04 UTC] PHP  28. Illuminate\Routing\Router->dispatchToRoute() /home/ubuntu/workspace/laravel/vendor/laravel/framework/src/Illuminate/Routing/Router.php:635
[10-Dec-2015 21:05:04 UTC] PHP  29. Illuminate\Routing\Router->runRouteWithinStack() /home/ubuntu/workspace/laravel/vendor/laravel/framework/src/Illuminate/Routing/Router.php:675
[10-Dec-2015 21:05:04 UTC] PHP  30. Illuminate\Pipeline\Pipeline->then() /home/ubuntu/workspace/laravel/vendor/laravel/framework/src/Illuminate/Routing/Router.php:710
[10-Dec-2015 21:05:04 UTC] PHP  31. call_user_func:{/home/ubuntu/workspace/laravel/vendor/laravel/framework/src/Illuminate/Pipeline/Pipeline.php:103}() /home/ubuntu/workspace/laravel/vendor/laravel/framework/src/Illuminate/Pipeline/Pipeline.php:103
[10-Dec-2015 21:05:04 UTC] PHP  32. Illuminate\Pipeline\Pipeline->Illuminate\Pipeline\{closure}() /home/ubuntu/workspace/laravel/vendor/laravel/framework/src/Illuminate/Pipeline/Pipeline.php:103
[10-Dec-2015 21:05:04 UTC] PHP  33. call_user_func:{/home/ubuntu/workspace/laravel/vendor/laravel/framework/src/Illuminate/Pipeline/Pipeline.php:139}() /home/ubuntu/workspace/laravel/vendor/laravel/framework/src/Illuminate/Pipeline/Pipeline.php:139
[10-Dec-2015 21:05:04 UTC] PHP  34. Illuminate\Routing\Router->Illuminate\Routing\{closure}() /home/ubuntu/workspace/laravel/vendor/laravel/framework/src/Illuminate/Pipeline/Pipeline.php:139
[10-Dec-2015 21:05:04 UTC] PHP  35. Illuminate\Routing\Route->run() /home/ubuntu/workspace/laravel/vendor/laravel/framework/src/Illuminate/Routing/Router.php:708
[10-Dec-2015 21:05:04 UTC] PHP  36. Illuminate\Routing\Route->runWithCustomDispatcher() /home/ubuntu/workspace/laravel/vendor/laravel/framework/src/Illuminate/Routing/Route.php:134
[10-Dec-2015 21:05:04 UTC] PHP  37. Illuminate\Routing\ControllerDispatcher->dispatch() /home/ubuntu/workspace/laravel/vendor/laravel/framework/src/Illuminate/Routing/Route.php:203
[10-Dec-2015 21:05:04 UTC] PHP  38. Illuminate\Routing\ControllerDispatcher->callWithinStack() /home/ubuntu/workspace/laravel/vendor/laravel/framework/src/Illuminate/Routing/ControllerDispatcher.php:69
[10-Dec-2015 21:05:04 UTC] PHP  39. Illuminate\Pipeline\Pipeline->then() /home/ubuntu/workspace/laravel/vendor/laravel/framework/src/Illuminate/Routing/ControllerDispatcher.php:114
[10-Dec-2015 21:05:04 UTC] PHP  40. call_user_func:{/home/ubuntu/workspace/laravel/vendor/laravel/framework/src/Illuminate/Pipeline/Pipeline.php:103}() /home/ubuntu/workspace/laravel/vendor/laravel/framework/src/Illuminate/Pipeline/Pipeline.php:103
[10-Dec-2015 21:05:04 UTC] PHP  41. Illuminate\Pipeline\Pipeline->Illuminate\Pipeline\{closure}() /home/ubuntu/workspace/laravel/vendor/laravel/framework/src/Illuminate/Pipeline/Pipeline.php:103
[10-Dec-2015 21:05:04 UTC] PHP  42. call_user_func:{/home/ubuntu/workspace/laravel/vendor/laravel/framework/src/Illuminate/Pipeline/Pipeline.php:139}() /home/ubuntu/workspace/laravel/vendor/laravel/framework/src/Illuminate/Pipeline/Pipeline.php:139
[10-Dec-2015 21:05:04 UTC] PHP  43. Illuminate\Routing\ControllerDispatcher->Illuminate\Routing\{closure}() /home/ubuntu/workspace/laravel/vendor/laravel/framework/src/Illuminate/Pipeline/Pipeline.php:139
[10-Dec-2015 21:05:04 UTC] PHP  44. Illuminate\Routing\Router->prepareResponse() /home/ubuntu/workspace/laravel/vendor/laravel/framework/src/Illuminate/Routing/ControllerDispatcher.php:113
[10-Dec-2015 21:05:04 UTC] PHP  45. Symfony\Component\HttpFoundation\Response->__construct() /home/ubuntu/workspace/laravel/vendor/laravel/framework/src/Illuminate/Routing/Router.php:1229
[10-Dec-2015 21:05:04 UTC] PHP  46. Illuminate\Http\Response->setContent() /home/ubuntu/workspace/laravel/vendor/symfony/http-foundation/Response.php:198
[10-Dec-2015 21:05:04 UTC] PHP  47. Illuminate\View\View->render() /home/ubuntu/workspace/laravel/vendor/laravel/framework/src/Illuminate/Http/Response.php:51
[10-Dec-2015 21:05:04 UTC] PHP  48. Illuminate\View\View->renderContents() /home/ubuntu/workspace/laravel/vendor/laravel/framework/src/Illuminate/View/View.php:80
[10-Dec-2015 21:05:04 UTC] PHP  49. Illuminate\View\View->getContents() /home/ubuntu/workspace/laravel/vendor/laravel/framework/src/Illuminate/View/View.php:106
[10-Dec-2015 21:05:04 UTC] PHP  50. Illuminate\View\Engines\CompilerEngine->get() /home/ubuntu/workspace/laravel/vendor/laravel/framework/src/Illuminate/View/View.php:135
[10-Dec-2015 21:05:04 UTC] PHP  51. Illuminate\View\Engines\PhpEngine->evaluatePath() /home/ubuntu/workspace/laravel/vendor/laravel/framework/src/Illuminate/View/Engines/CompilerEngine.php:58
[10-Dec-2015 21:05:04 UTC] PHP  52. include() /home/ubuntu/workspace/laravel/vendor/laravel/framework/src/Illuminate/View/Engines/PhpEngine.php:42
